<?xml version="1.0" encoding="UTF-8"?>
<!-- Generated by org.testng.reporters.JUnitReportReporter -->
<testsuite hostname="ATMECSBLRLT-109" failures="0" tests="1" name="com.atmecs.nsm.demo.ACI_Quote.testscript.SampleTestScript" time="10.400" errors="0" timestamp="25 Apr 2024 14:31:42 GMT" skipped="0">
  <testcase classname="com.atmecs.nsm.demo.ACI_Quote.testscript.SampleTestScript" name="sampleTest" time="10.400"/>
</testsuite> <!-- com.atmecs.nsm.demo.ACI_Quote.testscript.SampleTestScript -->
